<?xml version="1.0" encoding="UTF-8"?>
<!-- Generated by org.testng.reporters.JUnitXMLReporter -->
<testsuite ignored="0" hostname="DESKTOP-E4GHCF6" failures="0" tests="2" name="BankingApp Test" time="41.715" errors="0" timestamp="2022-10-13T11:35:37 GMT-07:00">
  <testcase classname="com.inetbanking.testcases.TC_LoginTest_001" name="loginTest" time="2.932"/>
  <testcase classname="com.inetbanking.testcases.TC_AddCustomerTest_003" name="addNewCustomer" time="19.904"/>
</testsuite> <!-- BankingApp Test -->
