<?xml version="1.0" encoding="UTF-8"?>
<testng-results ignored="0" total="2" passed="2" failed="0" skipped="0">
  <reporter-output>
  </reporter-output>
  <suite started-at="2022-10-13T11:34:55 GMT-07:00" name="InetBankingV1" finished-at="2022-10-13T11:35:37 GMT-07:00" duration-ms="41715">
    <groups>
    </groups>
    <test started-at="2022-10-13T11:34:55 GMT-07:00" name="BankingApp Test" finished-at="2022-10-13T11:35:37 GMT-07:00" duration-ms="41715">
      <class name="com.inetbanking.testcases.TC_LoginTest_001">
        <test-method is-config="true" signature="setup(java.lang.String)[pri:0, instance:com.inetbanking.testcases.TC_LoginTest_001@52b1beb6]" started-at="2022-10-13T11:34:55 GMT-07:00" name="setup" finished-at="2022-10-13T11:35:05 GMT-07:00" duration-ms="10190" status="PASS">
          <params>
            <param index="0">
              <value>
                <![CDATA[chrome]]>
              </value>
            </param>
          </params>
          <reporter-output>
          </reporter-output>
        </test-method> <!-- setup -->
        <test-method signature="loginTest()[pri:0, instance:com.inetbanking.testcases.TC_LoginTest_001@52b1beb6]" started-at="2022-10-13T11:35:05 GMT-07:00" name="loginTest" finished-at="2022-10-13T11:35:08 GMT-07:00" duration-ms="2932" status="PASS">
          <reporter-output>
          </reporter-output>
        </test-method> <!-- loginTest -->
        <test-method is-config="true" signature="tearDown()[pri:0, instance:com.inetbanking.testcases.TC_LoginTest_001@52b1beb6]" started-at="2022-10-13T11:35:08 GMT-07:00" name="tearDown" finished-at="2022-10-13T11:35:09 GMT-07:00" duration-ms="478" status="PASS">
          <reporter-output>
          </reporter-output>
        </test-method> <!-- tearDown -->
      </class> <!-- com.inetbanking.testcases.TC_LoginTest_001 -->
      <class name="com.inetbanking.testcases.TC_AddCustomerTest_003">
        <test-method is-config="true" signature="setup(java.lang.String)[pri:0, instance:com.inetbanking.testcases.TC_AddCustomerTest_003@3f6f6701]" started-at="2022-10-13T11:35:09 GMT-07:00" name="setup" finished-at="2022-10-13T11:35:17 GMT-07:00" duration-ms="7668" status="PASS">
          <params>
            <param index="0">
              <value>
                <![CDATA[chrome]]>
              </value>
            </param>
          </params>
          <reporter-output>
          </reporter-output>
        </test-method> <!-- setup -->
        <test-method signature="addNewCustomer()[pri:0, instance:com.inetbanking.testcases.TC_AddCustomerTest_003@3f6f6701]" started-at="2022-10-13T11:35:17 GMT-07:00" name="addNewCustomer" finished-at="2022-10-13T11:35:36 GMT-07:00" duration-ms="19904" status="PASS">
          <reporter-output>
          </reporter-output>
        </test-method> <!-- addNewCustomer -->
        <test-method is-config="true" signature="tearDown()[pri:0, instance:com.inetbanking.testcases.TC_AddCustomerTest_003@3f6f6701]" started-at="2022-10-13T11:35:36 GMT-07:00" name="tearDown" finished-at="2022-10-13T11:35:37 GMT-07:00" duration-ms="460" status="PASS">
          <reporter-output>
          </reporter-output>
        </test-method> <!-- tearDown -->
      </class> <!-- com.inetbanking.testcases.TC_AddCustomerTest_003 -->
    </test> <!-- BankingApp Test -->
  </suite> <!-- InetBankingV1 -->
</testng-results>
