<?xml version="1.0" encoding="UTF-8"?>
<testng-results ignored="0" total="2" passed="2" failed="0" skipped="0">
  <reporter-output>
  </reporter-output>
  <suite started-at="2022-10-13T11:33:40 GMT-07:00" name="InetBankingV1" finished-at="2022-10-13T11:34:29 GMT-07:00" duration-ms="48909">
    <groups>
    </groups>
    <test started-at="2022-10-13T11:33:40 GMT-07:00" name="BankingApp Test" finished-at="2022-10-13T11:34:29 GMT-07:00" duration-ms="48909">
      <class name="com.inetbanking.testcases.TC_LoginTest_001">
        <test-method is-config="true" signature="setup(java.lang.String)[pri:0, instance:com.inetbanking.testcases.TC_LoginTest_001@2e385cce]" started-at="2022-10-13T11:33:40 GMT-07:00" name="setup" finished-at="2022-10-13T11:33:54 GMT-07:00" duration-ms="14387" status="PASS">
          <params>
            <param index="0">
              <value>
                <![CDATA[chrome]]>
              </value>
            </param>
          </params>
          <reporter-output>
          </reporter-output>
        </test-method> <!-- setup -->
        <test-method signature="loginTest()[pri:0, instance:com.inetbanking.testcases.TC_LoginTest_001@2e385cce]" started-at="2022-10-13T11:33:54 GMT-07:00" name="loginTest" finished-at="2022-10-13T11:33:57 GMT-07:00" duration-ms="3246" status="PASS">
          <reporter-output>
          </reporter-output>
        </test-method> <!-- loginTest -->
        <test-method is-config="true" signature="tearDown()[pri:0, instance:com.inetbanking.testcases.TC_LoginTest_001@2e385cce]" started-at="2022-10-13T11:33:57 GMT-07:00" name="tearDown" finished-at="2022-10-13T11:33:58 GMT-07:00" duration-ms="521" status="PASS">
          <reporter-output>
          </reporter-output>
        </test-method> <!-- tearDown -->
      </class> <!-- com.inetbanking.testcases.TC_LoginTest_001 -->
      <class name="com.inetbanking.testcases.TC_AddCustomerTest_003">
        <test-method is-config="true" signature="setup(java.lang.String)[pri:0, instance:com.inetbanking.testcases.TC_AddCustomerTest_003@644baf4a]" started-at="2022-10-13T11:33:58 GMT-07:00" name="setup" finished-at="2022-10-13T11:34:09 GMT-07:00" duration-ms="10997" status="PASS">
          <params>
            <param index="0">
              <value>
                <![CDATA[chrome]]>
              </value>
            </param>
          </params>
          <reporter-output>
          </reporter-output>
        </test-method> <!-- setup -->
        <test-method signature="addNewCustomer()[pri:0, instance:com.inetbanking.testcases.TC_AddCustomerTest_003@644baf4a]" started-at="2022-10-13T11:34:09 GMT-07:00" name="addNewCustomer" finished-at="2022-10-13T11:34:28 GMT-07:00" duration-ms="18951" status="PASS">
          <reporter-output>
          </reporter-output>
        </test-method> <!-- addNewCustomer -->
        <test-method is-config="true" signature="tearDown()[pri:0, instance:com.inetbanking.testcases.TC_AddCustomerTest_003@644baf4a]" started-at="2022-10-13T11:34:28 GMT-07:00" name="tearDown" finished-at="2022-10-13T11:34:29 GMT-07:00" duration-ms="676" status="PASS">
          <reporter-output>
          </reporter-output>
        </test-method> <!-- tearDown -->
      </class> <!-- com.inetbanking.testcases.TC_AddCustomerTest_003 -->
    </test> <!-- BankingApp Test -->
  </suite> <!-- InetBankingV1 -->
</testng-results>
